<?xml version="1.0"?>
<!DOCTYPE coverage SYSTEM "http://cobertura.sourceforge.net/xml/coverage-04.dtd">

<coverage line-rate="0.8303030303030303" branch-rate="0.7868852459016393" lines-covered="137" lines-valid="165" branches-covered="48" branches-valid="61" complexity="2.3555555555555556" version="2.0.3" timestamp="1402707129606">
	<sources>
		<source>/home/shevek/java/lisp/src/main/java</source>
	</sources>
	<packages>
		<package name="org.anarres.lisp" line-rate="0.8303030303030303" branch-rate="0.7868852459016393" complexity="2.3555555555555556">
			<classes>
				<class name="org.anarres.lisp.LispBuiltins" filename="org/anarres/lisp/LispBuiltins.java" line-rate="0.5789473684210527" branch-rate="1.0" complexity="1.0555555555555556">
					<methods>
						<method name="&lt;init&gt;" signature="()V" line-rate="0.0" branch-rate="1.0">
							<lines>
								<line number="16" hits="0" branch="false"/>
								<line number="46" hits="0" branch="false"/>
							</lines>
						</method>
						<method name="builtin_add" signature="(Ljava/lang/Object;)Ljava/lang/Object;" line-rate="1.0" branch-rate="1.0">
							<lines>
								<line number="62" hits="2" branch="false"/>
							</lines>
						</method>
						<method name="builtin_car" signature="(Ljava/lang/Object;)Ljava/lang/Object;" line-rate="1.0" branch-rate="1.0">
							<lines>
								<line number="33" hits="1" branch="false"/>
							</lines>
						</method>
						<method name="builtin_cdr" signature="(Ljava/lang/Object;)Ljava/lang/Object;" line-rate="0.0" branch-rate="1.0">
							<lines>
								<line number="38" hits="0" branch="false"/>
							</lines>
						</method>
						<method name="builtin_cons" signature="(Ljava/lang/Object;)Lorg/anarres/lisp/LispCons;" line-rate="0.0" branch-rate="1.0">
							<lines>
								<line number="28" hits="0" branch="false"/>
							</lines>
						</method>
						<method name="builtin_consp" signature="(Ljava/lang/Object;)Z" line-rate="0.0" branch-rate="1.0">
							<lines>
								<line number="19" hits="0" branch="false"/>
							</lines>
						</method>
						<method name="builtin_div" signature="(Ljava/lang/Object;)Ljava/lang/Object;" line-rate="0.0" branch-rate="1.0">
							<lines>
								<line number="92" hits="0" branch="false"/>
							</lines>
						</method>
						<method name="builtin_list" signature="(Ljava/lang/Object;)Lorg/anarres/lisp/LispCons;" line-rate="1.0" branch-rate="1.0">
							<lines>
								<line number="43" hits="1" branch="false"/>
							</lines>
						</method>
						<method name="builtin_mul" signature="(Ljava/lang/Object;)Ljava/lang/Object;" line-rate="1.0" branch-rate="1.0">
							<lines>
								<line number="82" hits="1" branch="false"/>
							</lines>
						</method>
						<method name="builtin_sub" signature="(Ljava/lang/Object;)Ljava/lang/Object;" line-rate="0.0" branch-rate="1.0">
							<lines>
								<line number="72" hits="0" branch="false"/>
							</lines>
						</method>
						<method name="builtin_symbolp" signature="(Ljava/lang/Object;)Z" line-rate="0.0" branch-rate="1.0">
							<lines>
								<line number="23" hits="0" branch="false"/>
							</lines>
						</method>
						<method name="fold" signature="(Lorg/anarres/lisp/LispBuiltins$Folder;Ljava/lang/Object;Ljava/lang/Object;)Ljava/lang/Object;" line-rate="1.0" branch-rate="1.0">
							<lines>
								<line number="52" hits="3" branch="false"/>
								<line number="53" hits="12" branch="true" condition-coverage="100% (2/2)">
									<conditions>
										<condition number="0" type="jump" coverage="100%"/>
									</conditions>
								</line>
								<line number="54" hits="9" branch="false"/>
								<line number="55" hits="9" branch="false"/>
								<line number="57" hits="3" branch="false"/>
							</lines>
						</method>
						<method name="newBuiltin" signature="(Ljava/lang/String;Ljava/lang/String;)Lorg/anarres/lisp/LispCons;" line-rate="1.0" branch-rate="1.0">
							<lines>
								<line number="102" hits="24" branch="false"/>
							</lines>
						</method>
						<method name="newBuiltins" signature="()Lorg/anarres/lisp/LispCons;" line-rate="1.0" branch-rate="1.0">
							<lines>
								<line number="107" hits="3" branch="false"/>
							</lines>
						</method>
					</methods>
					<lines>
						<line number="16" hits="0" branch="false"/>
						<line number="19" hits="0" branch="false"/>
						<line number="23" hits="0" branch="false"/>
						<line number="28" hits="0" branch="false"/>
						<line number="33" hits="1" branch="false"/>
						<line number="38" hits="0" branch="false"/>
						<line number="43" hits="1" branch="false"/>
						<line number="46" hits="0" branch="false"/>
						<line number="52" hits="3" branch="false"/>
						<line number="53" hits="12" branch="true" condition-coverage="100% (2/2)">
							<conditions>
								<condition number="0" type="jump" coverage="100%"/>
							</conditions>
						</line>
						<line number="54" hits="9" branch="false"/>
						<line number="55" hits="9" branch="false"/>
						<line number="57" hits="3" branch="false"/>
						<line number="62" hits="2" branch="false"/>
						<line number="72" hits="0" branch="false"/>
						<line number="82" hits="1" branch="false"/>
						<line number="92" hits="0" branch="false"/>
						<line number="102" hits="24" branch="false"/>
						<line number="107" hits="3" branch="false"/>
					</lines>
				</class>
				<class name="org.anarres.lisp.LispBuiltins$1" filename="org/anarres/lisp/LispBuiltins.java" line-rate="1.0" branch-rate="1.0" complexity="1.0555555555555556">
					<methods>
						<method name="&lt;init&gt;" signature="()V" line-rate="1.0" branch-rate="1.0">
							<lines>
							</lines>
						</method>
						<method name="fold" signature="(Ljava/lang/Number;Ljava/lang/Object;)Ljava/lang/Number;" line-rate="1.0" branch-rate="1.0">
							<lines>
								<line number="65" hits="7" branch="false"/>
							</lines>
						</method>
						<method name="fold" signature="(Ljava/lang/Object;Ljava/lang/Object;)Ljava/lang/Object;" line-rate="1.0" branch-rate="1.0">
							<lines>
								<line number="62" hits="9" branch="false"/>
							</lines>
						</method>
					</methods>
					<lines>
						<line number="62" hits="9" branch="false"/>
						<line number="65" hits="7" branch="false"/>
					</lines>
				</class>
				<class name="org.anarres.lisp.LispBuiltins$2" filename="org/anarres/lisp/LispBuiltins.java" line-rate="0.0" branch-rate="1.0" complexity="1.0555555555555556">
					<methods>
						<method name="&lt;init&gt;" signature="()V" line-rate="1.0" branch-rate="1.0">
							<lines>
							</lines>
						</method>
						<method name="fold" signature="(Ljava/lang/Number;Ljava/lang/Object;)Ljava/lang/Number;" line-rate="0.0" branch-rate="1.0">
							<lines>
								<line number="75" hits="0" branch="false"/>
							</lines>
						</method>
						<method name="fold" signature="(Ljava/lang/Object;Ljava/lang/Object;)Ljava/lang/Object;" line-rate="0.0" branch-rate="1.0">
							<lines>
								<line number="72" hits="0" branch="false"/>
							</lines>
						</method>
					</methods>
					<lines>
						<line number="72" hits="0" branch="false"/>
						<line number="75" hits="0" branch="false"/>
					</lines>
				</class>
				<class name="org.anarres.lisp.LispBuiltins$3" filename="org/anarres/lisp/LispBuiltins.java" line-rate="1.0" branch-rate="1.0" complexity="1.0555555555555556">
					<methods>
						<method name="&lt;init&gt;" signature="()V" line-rate="1.0" branch-rate="1.0">
							<lines>
							</lines>
						</method>
						<method name="fold" signature="(Ljava/lang/Number;Ljava/lang/Object;)Ljava/lang/Number;" line-rate="1.0" branch-rate="1.0">
							<lines>
								<line number="85" hits="2" branch="false"/>
							</lines>
						</method>
						<method name="fold" signature="(Ljava/lang/Object;Ljava/lang/Object;)Ljava/lang/Object;" line-rate="1.0" branch-rate="1.0">
							<lines>
								<line number="82" hits="3" branch="false"/>
							</lines>
						</method>
					</methods>
					<lines>
						<line number="82" hits="3" branch="false"/>
						<line number="85" hits="2" branch="false"/>
					</lines>
				</class>
				<class name="org.anarres.lisp.LispBuiltins$4" filename="org/anarres/lisp/LispBuiltins.java" line-rate="0.0" branch-rate="1.0" complexity="1.0555555555555556">
					<methods>
						<method name="&lt;init&gt;" signature="()V" line-rate="1.0" branch-rate="1.0">
							<lines>
							</lines>
						</method>
						<method name="fold" signature="(Ljava/lang/Number;Ljava/lang/Object;)Ljava/lang/Number;" line-rate="0.0" branch-rate="1.0">
							<lines>
								<line number="95" hits="0" branch="false"/>
							</lines>
						</method>
						<method name="fold" signature="(Ljava/lang/Object;Ljava/lang/Object;)Ljava/lang/Object;" line-rate="0.0" branch-rate="1.0">
							<lines>
								<line number="92" hits="0" branch="false"/>
							</lines>
						</method>
					</methods>
					<lines>
						<line number="92" hits="0" branch="false"/>
						<line number="95" hits="0" branch="false"/>
					</lines>
				</class>
				<class name="org.anarres.lisp.LispBuiltins$Folder" filename="org/anarres/lisp/LispBuiltins.java" line-rate="1.0" branch-rate="1.0" complexity="1.0555555555555556">
					<methods>
					</methods>
					<lines>
					</lines>
				</class>
				<class name="org.anarres.lisp.LispCons" filename="org/anarres/lisp/LispCons.java" line-rate="0.8333333333333334" branch-rate="0.75" complexity="1.75">
					<methods>
						<method name="&lt;init&gt;" signature="()V" line-rate="0.0" branch-rate="1.0">
							<lines>
								<line number="24" hits="0" branch="false"/>
								<line number="25" hits="0" branch="false"/>
							</lines>
						</method>
						<method name="&lt;init&gt;" signature="(Ljava/lang/Object;Ljava/lang/Object;)V" line-rate="1.0" branch-rate="1.0">
							<lines>
								<line number="19" hits="158" branch="false"/>
								<line number="20" hits="158" branch="false"/>
								<line number="21" hits="158" branch="false"/>
								<line number="22" hits="158" branch="false"/>
							</lines>
						</method>
						<method name="toString" signature="()Ljava/lang/String;" line-rate="1.0" branch-rate="1.0">
							<lines>
								<line number="40" hits="14" branch="false"/>
								<line number="41" hits="14" branch="false"/>
								<line number="42" hits="14" branch="false"/>
								<line number="43" hits="14" branch="false"/>
							</lines>
						</method>
						<method name="toString" signature="(Ljava/lang/StringBuilder;)V" line-rate="0.875" branch-rate="0.75">
							<lines>
								<line number="28" hits="36" branch="false"/>
								<line number="29" hits="36" branch="true" condition-coverage="100% (2/2)">
									<conditions>
										<condition number="0" type="jump" coverage="100%"/>
									</conditions>
								</line>
								<line number="30" hits="14" branch="false"/>
								<line number="31" hits="22" branch="false"/>
								<line number="32" hits="22" branch="true" condition-coverage="50% (1/2)">
									<conditions>
										<condition number="0" type="jump" coverage="50%"/>
									</conditions>
								</line>
								<line number="33" hits="0" branch="false"/>
								<line number="35" hits="22" branch="false"/>
								<line number="36" hits="22" branch="false"/>
							</lines>
						</method>
					</methods>
					<lines>
						<line number="19" hits="158" branch="false"/>
						<line number="20" hits="158" branch="false"/>
						<line number="21" hits="158" branch="false"/>
						<line number="22" hits="158" branch="false"/>
						<line number="24" hits="0" branch="false"/>
						<line number="25" hits="0" branch="false"/>
						<line number="28" hits="36" branch="false"/>
						<line number="29" hits="36" branch="true" condition-coverage="100% (2/2)">
							<conditions>
								<condition number="0" type="jump" coverage="100%"/>
							</conditions>
						</line>
						<line number="30" hits="14" branch="false"/>
						<line number="31" hits="22" branch="false"/>
						<line number="32" hits="22" branch="true" condition-coverage="50% (1/2)">
							<conditions>
								<condition number="0" type="jump" coverage="50%"/>
							</conditions>
						</line>
						<line number="33" hits="0" branch="false"/>
						<line number="35" hits="22" branch="false"/>
						<line number="36" hits="22" branch="false"/>
						<line number="40" hits="14" branch="false"/>
						<line number="41" hits="14" branch="false"/>
						<line number="42" hits="14" branch="false"/>
						<line number="43" hits="14" branch="false"/>
					</lines>
				</class>
				<class name="org.anarres.lisp.LispIdentifier" filename="org/anarres/lisp/LispIdentifier.java" line-rate="0.7142857142857143" branch-rate="0.5" complexity="2.2">
					<methods>
						<method name="&lt;init&gt;" signature="(Ljava/lang/String;)V" line-rate="1.0" branch-rate="1.0">
							<lines>
								<line number="17" hits="29" branch="false"/>
								<line number="18" hits="29" branch="false"/>
								<line number="19" hits="29" branch="false"/>
							</lines>
						</method>
						<method name="equals" signature="(Ljava/lang/Object;)Z" line-rate="0.625" branch-rate="0.5">
							<lines>
								<line number="32" hits="18" branch="true" condition-coverage="50% (1/2)">
									<conditions>
										<condition number="0" type="jump" coverage="50%"/>
									</conditions>
								</line>
								<line number="33" hits="0" branch="false"/>
								<line number="34" hits="18" branch="true" condition-coverage="50% (1/2)">
									<conditions>
										<condition number="0" type="jump" coverage="50%"/>
									</conditions>
								</line>
								<line number="35" hits="0" branch="false"/>
								<line number="36" hits="18" branch="true" condition-coverage="50% (1/2)">
									<conditions>
										<condition number="0" type="jump" coverage="50%"/>
									</conditions>
								</line>
								<line number="37" hits="0" branch="false"/>
								<line number="38" hits="18" branch="false"/>
								<line number="39" hits="18" branch="false"/>
							</lines>
						</method>
						<method name="getName" signature="()Ljava/lang/String;" line-rate="1.0" branch-rate="1.0">
							<lines>
								<line number="22" hits="5" branch="false"/>
							</lines>
						</method>
						<method name="hashCode" signature="()I" line-rate="0.0" branch-rate="1.0">
							<lines>
								<line number="27" hits="0" branch="false"/>
							</lines>
						</method>
						<method name="toString" signature="()Ljava/lang/String;" line-rate="1.0" branch-rate="1.0">
							<lines>
								<line number="44" hits="5" branch="false"/>
							</lines>
						</method>
					</methods>
					<lines>
						<line number="17" hits="29" branch="false"/>
						<line number="18" hits="29" branch="false"/>
						<line number="19" hits="29" branch="false"/>
						<line number="22" hits="5" branch="false"/>
						<line number="27" hits="0" branch="false"/>
						<line number="32" hits="18" branch="true" condition-coverage="50% (1/2)">
							<conditions>
								<condition number="0" type="jump" coverage="50%"/>
							</conditions>
						</line>
						<line number="33" hits="0" branch="false"/>
						<line number="34" hits="18" branch="true" condition-coverage="50% (1/2)">
							<conditions>
								<condition number="0" type="jump" coverage="50%"/>
							</conditions>
						</line>
						<line number="35" hits="0" branch="false"/>
						<line number="36" hits="18" branch="true" condition-coverage="50% (1/2)">
							<conditions>
								<condition number="0" type="jump" coverage="50%"/>
							</conditions>
						</line>
						<line number="37" hits="0" branch="false"/>
						<line number="38" hits="18" branch="false"/>
						<line number="39" hits="18" branch="false"/>
						<line number="44" hits="5" branch="false"/>
					</lines>
				</class>
				<class name="org.anarres.lisp.LispInterpreter" filename="org/anarres/lisp/LispInterpreter.java" line-rate="0.8636363636363636" branch-rate="0.9" complexity="5.0">
					<methods>
						<method name="&lt;clinit&gt;" signature="()V" line-rate="1.0" branch-rate="1.0">
							<lines>
								<line number="21" hits="1" branch="false"/>
							</lines>
						</method>
						<method name="&lt;init&gt;" signature="()V" line-rate="1.0" branch-rate="1.0">
							<lines>
								<line number="19" hits="3" branch="false"/>
							</lines>
						</method>
						<method name="apply" signature="(Lorg/anarres/lisp/LispCons;Ljava/lang/Object;Ljava/lang/Object;)Ljava/lang/Object;" line-rate="0.6" branch-rate="1.0">
							<lines>
								<line number="34" hits="5" branch="false"/>
								<line number="36" hits="5" branch="false"/>
								<line number="38" hits="5" branch="false"/>
								<line number="39" hits="0" branch="false"/>
								<line number="40" hits="0" branch="false"/>
							</lines>
						</method>
						<method name="eval" signature="(Lorg/anarres/lisp/LispCons;Ljava/lang/Object;)Ljava/lang/Object;" line-rate="0.9166666666666666" branch-rate="0.875">
							<lines>
								<line number="55" hits="22" branch="true" condition-coverage="100% (2/2)">
									<conditions>
										<condition number="0" type="jump" coverage="100%"/>
									</conditions>
								</line>
								<line number="56" hits="5" branch="false"/>
								<line number="57" hits="5" branch="false"/>
								<line number="58" hits="17" branch="true" condition-coverage="100% (2/2)">
									<conditions>
										<condition number="0" type="jump" coverage="100%"/>
									</conditions>
								</line>
								<line number="59" hits="18" branch="true" condition-coverage="50% (1/2)">
									<conditions>
										<condition number="0" type="jump" coverage="50%"/>
									</conditions>
								</line>
								<line number="60" hits="18" branch="false"/>
								<line number="61" hits="18" branch="true" condition-coverage="100% (2/2)">
									<conditions>
										<condition number="0" type="jump" coverage="100%"/>
									</conditions>
								</line>
								<line number="62" hits="5" branch="false"/>
								<line number="63" hits="13" branch="false"/>
								<line number="64" hits="13" branch="false"/>
								<line number="65" hits="0" branch="false"/>
								<line number="67" hits="12" branch="false"/>
							</lines>
						</method>
						<method name="evalargs" signature="(Lorg/anarres/lisp/LispCons;Ljava/lang/Object;)Lorg/anarres/lisp/LispCons;" line-rate="1.0" branch-rate="1.0">
							<lines>
								<line number="47" hits="19" branch="true" condition-coverage="100% (2/2)">
									<conditions>
										<condition number="0" type="jump" coverage="100%"/>
									</conditions>
								</line>
								<line number="48" hits="5" branch="false"/>
								<line number="49" hits="14" branch="false"/>
							</lines>
						</method>
					</methods>
					<lines>
						<line number="19" hits="3" branch="false"/>
						<line number="21" hits="1" branch="false"/>
						<line number="34" hits="5" branch="false"/>
						<line number="36" hits="5" branch="false"/>
						<line number="38" hits="5" branch="false"/>
						<line number="39" hits="0" branch="false"/>
						<line number="40" hits="0" branch="false"/>
						<line number="47" hits="19" branch="true" condition-coverage="100% (2/2)">
							<conditions>
								<condition number="0" type="jump" coverage="100%"/>
							</conditions>
						</line>
						<line number="48" hits="5" branch="false"/>
						<line number="49" hits="14" branch="false"/>
						<line number="55" hits="22" branch="true" condition-coverage="100% (2/2)">
							<conditions>
								<condition number="0" type="jump" coverage="100%"/>
							</conditions>
						</line>
						<line number="56" hits="5" branch="false"/>
						<line number="57" hits="5" branch="false"/>
						<line number="58" hits="17" branch="true" condition-coverage="100% (2/2)">
							<conditions>
								<condition number="0" type="jump" coverage="100%"/>
							</conditions>
						</line>
						<line number="59" hits="18" branch="true" condition-coverage="50% (1/2)">
							<conditions>
								<condition number="0" type="jump" coverage="50%"/>
							</conditions>
						</line>
						<line number="60" hits="18" branch="false"/>
						<line number="61" hits="18" branch="true" condition-coverage="100% (2/2)">
							<conditions>
								<condition number="0" type="jump" coverage="100%"/>
							</conditions>
						</line>
						<line number="62" hits="5" branch="false"/>
						<line number="63" hits="13" branch="false"/>
						<line number="64" hits="13" branch="false"/>
						<line number="65" hits="0" branch="false"/>
						<line number="67" hits="12" branch="false"/>
					</lines>
				</class>
				<class name="org.anarres.lisp.LispParser" filename="org/anarres/lisp/LispParser.java" line-rate="0.9298245614035088" branch-rate="0.7741935483870968" complexity="5.714285714285714">
					<methods>
						<method name="&lt;init&gt;" signature="(Ljava/io/PushbackReader;)V" line-rate="1.0" branch-rate="1.0">
							<lines>
								<line number="35" hits="10" branch="false"/>
								<line number="36" hits="10" branch="false"/>
								<line number="37" hits="10" branch="false"/>
							</lines>
						</method>
						<method name="&lt;init&gt;" signature="(Ljava/io/Reader;)V" line-rate="1.0" branch-rate="0.5">
							<lines>
								<line number="32" hits="10" branch="true" condition-coverage="50% (1/2)">
									<conditions>
										<condition number="0" type="jump" coverage="50%"/>
									</conditions>
								</line>
								<line number="33" hits="10" branch="false"/>
							</lines>
						</method>
						<method name="&lt;init&gt;" signature="(Ljava/lang/String;)V" line-rate="1.0" branch-rate="1.0">
							<lines>
								<line number="28" hits="10" branch="false"/>
								<line number="29" hits="10" branch="false"/>
							</lines>
						</method>
						<method name="readCharNext" signature="()I" line-rate="1.0" branch-rate="0.75">
							<lines>
								<line number="52" hits="36" branch="false"/>
								<line number="53" hits="36" branch="true" condition-coverage="100% (2/2)">
									<conditions>
										<condition number="0" type="jump" coverage="100%"/>
									</conditions>
								</line>
								<line number="54" hits="19" branch="false"/>
								<line number="55" hits="17" branch="true" condition-coverage="66% (4/6)">
									<conditions>
										<condition number="0" type="jump" coverage="50%"/>
										<condition number="1" type="jump" coverage="100%"/>
										<condition number="2" type="jump" coverage="50%"/>
									</conditions>
								</line>
								<line number="56" hits="11" branch="false"/>
								<line number="57" hits="11" branch="false"/>
								<line number="59" hits="6" branch="false"/>
							</lines>
						</method>
						<method name="readCharStart" signature="()I" line-rate="1.0" branch-rate="1.0">
							<lines>
								<line number="42" hits="64" branch="false"/>
								<line number="43" hits="64" branch="true" condition-coverage="100% (2/2)">
									<conditions>
										<condition number="0" type="jump" coverage="100%"/>
									</conditions>
								</line>
								<line number="44" hits="3" branch="false"/>
								<line number="45" hits="61" branch="false"/>
							</lines>
						</method>
						<method name="readExpression" signature="()Ljava/lang/Object;" line-rate="0.9444444444444444" branch-rate="0.875">
							<lines>
								<line number="101" hits="10" branch="false"/>
								<line number="102" hits="10" branch="false"/>
								<line number="105" hits="61" branch="false"/>
								<line number="106" hits="61" branch="true" condition-coverage="75% (3/4)">
									<conditions>
										<condition number="0" type="switch" coverage="75%"/>
									</conditions>
								</line>
								<line number="108" hits="0" branch="false"/>
								<line number="110" hits="15" branch="false"/>
								<line number="111" hits="15" branch="false"/>
								<line number="113" hits="15" branch="false"/>
								<line number="116" hits="15" branch="false"/>
								<line number="117" hits="15" branch="false"/>
								<line number="118" hits="15" branch="false"/>
								<line number="119" hits="15" branch="false"/>
								<line number="120" hits="15" branch="true" condition-coverage="100% (2/2)">
									<conditions>
										<condition number="0" type="jump" coverage="100%"/>
									</conditions>
								</line>
								<line number="121" hits="9" branch="false"/>
								<line number="125" hits="31" branch="true" condition-coverage="100% (2/2)">
									<conditions>
										<condition number="0" type="jump" coverage="100%"/>
									</conditions>
								</line>
								<line number="126" hits="1" branch="false"/>
								<line number="127" hits="30" branch="false"/>
								<line number="130" hits="51" branch="false"/>
							</lines>
						</method>
						<method name="readToken" signature="()Lorg/anarres/lisp/LispToken;" line-rate="0.8571428571428571" branch-rate="0.7272727272727273">
							<lines>
								<line number="65" hits="61" branch="false"/>
								<line number="66" hits="61" branch="true" condition-coverage="60% (3/5)">
									<conditions>
										<condition number="0" type="switch" coverage="60%"/>
									</conditions>
								</line>
								<line number="68" hits="0" branch="false"/>
								<line number="70" hits="15" branch="false"/>
								<line number="72" hits="15" branch="false"/>
								<line number="74" hits="0" branch="false"/>
								<line number="76" hits="31" branch="false"/>
								<line number="77" hits="31" branch="false"/>
								<line number="79" hits="36" branch="false"/>
								<line number="80" hits="36" branch="true" condition-coverage="100% (2/2)">
									<conditions>
										<condition number="0" type="jump" coverage="100%"/>
									</conditions>
								</line>
								<line number="81" hits="31" branch="false"/>
								<line number="82" hits="5" branch="false"/>
								<line number="83" hits="5" branch="false"/>
								<line number="84" hits="31" branch="false"/>
								<line number="85" hits="31" branch="false"/>
								<line number="86" hits="31" branch="true" condition-coverage="100% (2/2)">
									<conditions>
										<condition number="0" type="jump" coverage="100%"/>
									</conditions>
								</line>
								<line number="87" hits="26" branch="false"/>
								<line number="88" hits="5" branch="false"/>
								<line number="89" hits="5" branch="true" condition-coverage="50% (1/2)">
									<conditions>
										<condition number="0" type="jump" coverage="50%"/>
									</conditions>
								</line>
								<line number="90" hits="0" branch="false"/>
								<line number="91" hits="5" branch="false"/>
							</lines>
						</method>
					</methods>
					<lines>
						<line number="28" hits="10" branch="false"/>
						<line number="29" hits="10" branch="false"/>
						<line number="32" hits="10" branch="true" condition-coverage="50% (1/2)">
							<conditions>
								<condition number="0" type="jump" coverage="50%"/>
							</conditions>
						</line>
						<line number="33" hits="10" branch="false"/>
						<line number="35" hits="10" branch="false"/>
						<line number="36" hits="10" branch="false"/>
						<line number="37" hits="10" branch="false"/>
						<line number="42" hits="64" branch="false"/>
						<line number="43" hits="64" branch="true" condition-coverage="100% (2/2)">
							<conditions>
								<condition number="0" type="jump" coverage="100%"/>
							</conditions>
						</line>
						<line number="44" hits="3" branch="false"/>
						<line number="45" hits="61" branch="false"/>
						<line number="52" hits="36" branch="false"/>
						<line number="53" hits="36" branch="true" condition-coverage="100% (2/2)">
							<conditions>
								<condition number="0" type="jump" coverage="100%"/>
							</conditions>
						</line>
						<line number="54" hits="19" branch="false"/>
						<line number="55" hits="17" branch="true" condition-coverage="66% (4/6)">
							<conditions>
								<condition number="0" type="jump" coverage="50%"/>
								<condition number="1" type="jump" coverage="100%"/>
								<condition number="2" type="jump" coverage="50%"/>
							</conditions>
						</line>
						<line number="56" hits="11" branch="false"/>
						<line number="57" hits="11" branch="false"/>
						<line number="59" hits="6" branch="false"/>
						<line number="65" hits="61" branch="false"/>
						<line number="66" hits="61" branch="true" condition-coverage="60% (3/5)">
							<conditions>
								<condition number="0" type="switch" coverage="60%"/>
							</conditions>
						</line>
						<line number="68" hits="0" branch="false"/>
						<line number="70" hits="15" branch="false"/>
						<line number="72" hits="15" branch="false"/>
						<line number="74" hits="0" branch="false"/>
						<line number="76" hits="31" branch="false"/>
						<line number="77" hits="31" branch="false"/>
						<line number="79" hits="36" branch="false"/>
						<line number="80" hits="36" branch="true" condition-coverage="100% (2/2)">
							<conditions>
								<condition number="0" type="jump" coverage="100%"/>
							</conditions>
						</line>
						<line number="81" hits="31" branch="false"/>
						<line number="82" hits="5" branch="false"/>
						<line number="83" hits="5" branch="false"/>
						<line number="84" hits="31" branch="false"/>
						<line number="85" hits="31" branch="false"/>
						<line number="86" hits="31" branch="true" condition-coverage="100% (2/2)">
							<conditions>
								<condition number="0" type="jump" coverage="100%"/>
							</conditions>
						</line>
						<line number="87" hits="26" branch="false"/>
						<line number="88" hits="5" branch="false"/>
						<line number="89" hits="5" branch="true" condition-coverage="50% (1/2)">
							<conditions>
								<condition number="0" type="jump" coverage="50%"/>
							</conditions>
						</line>
						<line number="90" hits="0" branch="false"/>
						<line number="91" hits="5" branch="false"/>
						<line number="101" hits="10" branch="false"/>
						<line number="102" hits="10" branch="false"/>
						<line number="105" hits="61" branch="false"/>
						<line number="106" hits="61" branch="true" condition-coverage="75% (3/4)">
							<conditions>
								<condition number="0" type="switch" coverage="75%"/>
							</conditions>
						</line>
						<line number="108" hits="0" branch="false"/>
						<line number="110" hits="15" branch="false"/>
						<line number="111" hits="15" branch="false"/>
						<line number="113" hits="15" branch="false"/>
						<line number="116" hits="15" branch="false"/>
						<line number="117" hits="15" branch="false"/>
						<line number="118" hits="15" branch="false"/>
						<line number="119" hits="15" branch="false"/>
						<line number="120" hits="15" branch="true" condition-coverage="100% (2/2)">
							<conditions>
								<condition number="0" type="jump" coverage="100%"/>
							</conditions>
						</line>
						<line number="121" hits="9" branch="false"/>
						<line number="125" hits="31" branch="true" condition-coverage="100% (2/2)">
							<conditions>
								<condition number="0" type="jump" coverage="100%"/>
							</conditions>
						</line>
						<line number="126" hits="1" branch="false"/>
						<line number="127" hits="30" branch="false"/>
						<line number="130" hits="51" branch="false"/>
					</lines>
				</class>
				<class name="org.anarres.lisp.LispRuntime" filename="org/anarres/lisp/LispRuntime.java" line-rate="0.8947368421052632" branch-rate="0.875" complexity="1.8571428571428572">
					<methods>
						<method name="&lt;init&gt;" signature="()V" line-rate="0.0" branch-rate="1.0">
							<lines>
								<line number="15" hits="0" branch="false"/>
							</lines>
						</method>
						<method name="car" signature="(Ljava/lang/Object;)Ljava/lang/Object;" line-rate="1.0" branch-rate="1.0">
							<lines>
								<line number="32" hits="117" branch="false"/>
							</lines>
						</method>
						<method name="cdr" signature="(Ljava/lang/Object;)Ljava/lang/Object;" line-rate="1.0" branch-rate="1.0">
							<lines>
								<line number="37" hits="97" branch="false"/>
							</lines>
						</method>
						<method name="cons" signature="(Ljava/lang/Object;Ljava/lang/Object;)Lorg/anarres/lisp/LispCons;" line-rate="1.0" branch-rate="1.0">
							<lines>
								<line number="27" hits="158" branch="false"/>
							</lines>
						</method>
						<method name="consp" signature="(Ljava/lang/Object;)Z" line-rate="1.0" branch-rate="1.0">
							<lines>
								<line number="18" hits="154" branch="false"/>
							</lines>
						</method>
						<method name="list" signature="([Ljava/lang/Object;)Lorg/anarres/lisp/LispCons;" line-rate="1.0" branch-rate="1.0">
							<lines>
								<line number="42" hits="3" branch="false"/>
								<line number="43" hits="27" branch="true" condition-coverage="100% (2/2)">
									<conditions>
										<condition number="0" type="jump" coverage="100%"/>
									</conditions>
								</line>
								<line number="44" hits="24" branch="false"/>
								<line number="45" hits="3" branch="false"/>
							</lines>
						</method>
						<method name="reverse" signature="(Ljava/lang/Object;)Lorg/anarres/lisp/LispCons;" line-rate="0.8888888888888888" branch-rate="0.8333333333333334">
							<lines>
								<line number="50" hits="15" branch="true" condition-coverage="100% (2/2)">
									<conditions>
										<condition number="0" type="jump" coverage="100%"/>
									</conditions>
								</line>
								<line number="51" hits="1" branch="false"/>
								<line number="52" hits="14" branch="true" condition-coverage="50% (1/2)">
									<conditions>
										<condition number="0" type="jump" coverage="50%"/>
									</conditions>
								</line>
								<line number="53" hits="0" branch="false"/>
								<line number="54" hits="14" branch="false"/>
								<line number="55" hits="50" branch="true" condition-coverage="100% (2/2)">
									<conditions>
										<condition number="0" type="jump" coverage="100%"/>
									</conditions>
								</line>
								<line number="56" hits="36" branch="false"/>
								<line number="57" hits="36" branch="false"/>
								<line number="59" hits="14" branch="false"/>
							</lines>
						</method>
						<method name="symbolp" signature="(Ljava/lang/Object;)Z" line-rate="1.0" branch-rate="1.0">
							<lines>
								<line number="22" hits="17" branch="false"/>
							</lines>
						</method>
					</methods>
					<lines>
						<line number="15" hits="0" branch="false"/>
						<line number="18" hits="154" branch="false"/>
						<line number="22" hits="17" branch="false"/>
						<line number="27" hits="158" branch="false"/>
						<line number="32" hits="117" branch="false"/>
						<line number="37" hits="97" branch="false"/>
						<line number="42" hits="3" branch="false"/>
						<line number="43" hits="27" branch="true" condition-coverage="100% (2/2)">
							<conditions>
								<condition number="0" type="jump" coverage="100%"/>
							</conditions>
						</line>
						<line number="44" hits="24" branch="false"/>
						<line number="45" hits="3" branch="false"/>
						<line number="50" hits="15" branch="true" condition-coverage="100% (2/2)">
							<conditions>
								<condition number="0" type="jump" coverage="100%"/>
							</conditions>
						</line>
						<line number="51" hits="1" branch="false"/>
						<line number="52" hits="14" branch="true" condition-coverage="50% (1/2)">
							<conditions>
								<condition number="0" type="jump" coverage="50%"/>
							</conditions>
						</line>
						<line number="53" hits="0" branch="false"/>
						<line number="54" hits="14" branch="false"/>
						<line number="55" hits="50" branch="true" condition-coverage="100% (2/2)">
							<conditions>
								<condition number="0" type="jump" coverage="100%"/>
							</conditions>
						</line>
						<line number="56" hits="36" branch="false"/>
						<line number="57" hits="36" branch="false"/>
						<line number="59" hits="14" branch="false"/>
					</lines>
				</class>
				<class name="org.anarres.lisp.LispToken" filename="org/anarres/lisp/LispToken.java" line-rate="1.0" branch-rate="1.0" complexity="1.0">
					<methods>
						<method name="&lt;clinit&gt;" signature="()V" line-rate="1.0" branch-rate="1.0">
							<lines>
								<line number="23" hits="1" branch="false"/>
								<line number="24" hits="1" branch="false"/>
								<line number="25" hits="1" branch="false"/>
								<line number="26" hits="1" branch="false"/>
							</lines>
						</method>
						<method name="&lt;init&gt;" signature="(CLjava/lang/Object;)V" line-rate="1.0" branch-rate="1.0">
							<lines>
								<line number="30" hits="35" branch="false"/>
								<line number="31" hits="35" branch="false"/>
								<line number="32" hits="35" branch="false"/>
								<line number="33" hits="35" branch="false"/>
							</lines>
						</method>
					</methods>
					<lines>
						<line number="23" hits="1" branch="false"/>
						<line number="24" hits="1" branch="false"/>
						<line number="25" hits="1" branch="false"/>
						<line number="26" hits="1" branch="false"/>
						<line number="30" hits="35" branch="false"/>
						<line number="31" hits="35" branch="false"/>
						<line number="32" hits="35" branch="false"/>
						<line number="33" hits="35" branch="false"/>
					</lines>
				</class>
			</classes>
		</package>
	</packages>
</coverage>
